<?xml version="1.0" encoding="UTF-8"?>
<!-- Generated by org.testng.reporters.JUnitReportReporter -->
<testsuite hostname="SJK" failures="0" tests="1" name="FrameworkDesign.LoginEcom" time="7.996" errors="0" timestamp="2022-11-14T19:08:15 IST" skipped="0">
  <testcase classname="FrameworkDesign.LoginEcom" name="loginForm" time="7.996"/>
  <system-out/>
</testsuite> <!-- FrameworkDesign.LoginEcom -->
